<?xml version="1.0" encoding="UTF-8"?>
<!-- Generated by org.testng.reporters.JUnitReportReporter -->
<testsuite skipped="0" hostname="LAPTOP-94IPNRQR" name="com.sgtesting.unittests.tests.Users" tests="3" failures="0" timestamp="2021-09-06T19:41:17 IST" time="0.023" errors="0">
  <testcase name="deletedUser" time="0.003" classname="com.sgtesting.unittests.tests.Users"/>
  <system-out/>
  <testcase name="createUser" time="0.016" classname="com.sgtesting.unittests.tests.Users"/>
  <system-out/>
  <testcase name="modifyUser" time="0.004" classname="com.sgtesting.unittests.tests.Users"/>
  <system-out/>
</testsuite> <!-- com.sgtesting.unittests.tests.Users -->
